<?xml version="1.0" encoding="UTF-8"?>
<!-- Generated by org.testng.reporters.JUnitXMLReporter -->
<testsuite ignored="1" hostname="56VF424" failures="2" tests="11" name="Test" time="0.092" errors="0" timestamp="2024-07-23T11:36:54 IST">
  <testcase classname="Test.day3" name="homeLoanMobLogin" time="0.012">
    <failure type="java.lang.AssertionError" message="expected [true] but found [false]">
      <![CDATA[java.lang.AssertionError: expected [true] but found [false]
at Test.day3.homeLoanMobLogin(day3.java:32)
at java.base/java.util.ArrayList.forEach(ArrayList.java:1511)
... Removed 31 stack frames]]>
    </failure>
  </testcase> <!-- homeLoanMobLogin -->
  <testcase classname="Test.day3" name="homeLoanwebLogin" time="0.0">
    <failure type="org.testng.TestNGException" message="
Parameter &amp;apos;APIKey&amp;apos; is required by @Test on method homeLoanwebLogin but has not been marked @Optional or defined
in C:\Users\saurabh.k\eclipse-workspace\TestNGTutorial\testng3.xml">
      <![CDATA[org.testng.TestNGException: 
Parameter 'APIKey' is required by @Test on method homeLoanwebLogin but has not been marked @Optional or defined
in C:\Users\saurabh.k\eclipse-workspace\TestNGTutorial\testng3.xml
at java.base/java.util.ArrayList.forEach(ArrayList.java:1511)
... Removed 26 stack frames]]>
    </failure>
  </testcase> <!-- homeLoanwebLogin -->
  <testcase classname="Test.day3" name="homeloansection" time="0.005"/>
  <testcase classname="Test.day3" name="homeLoan" time="0.0">
    <skipped/>
  </testcase> <!-- homeLoan -->
  <testcase classname="Test.day2" name="carLoan" time="0.001"/>
  <testcase classname="Test.day2" name="carLoanMobLogin" time="0.001"/>
  <testcase classname="Test.day2" name="carLoanwebLogin" time="0.002"/>
  <testcase classname="Test.day1" name="personalLoan" time="0.001"/>
  <testcase classname="Test.day1" name="personalLoanMobLogin" time="0.001"/>
  <testcase classname="Test.day1" name="personalLoanMobLogin" time="0.001"/>
  <testcase classname="Test.day1" name="personalLoanMobLogin" time="0.001"/>
  <testcase classname="Test.day1" name="personalLoanwebLogin" time="0.0">
    <ignored/>
  </testcase> <!-- personalLoanwebLogin -->
</testsuite> <!-- Test -->
