<?xml version="1.0" encoding="UTF-8"?>
<!-- Generated by org.testng.reporters.JUnitXMLReporter -->
<testsuite ignored="0" hostname="56VF424" failures="1" tests="4" name="Home Loan" time="0.031" errors="0" timestamp="2024-07-23T23:14:06 IST">
  <testcase classname="Test.day3" name="homeLoanMobLogin" time="0.01">
    <failure type="java.lang.AssertionError" message="expected [true] but found [false]">
      <![CDATA[java.lang.AssertionError: expected [true] but found [false]
at Test.day3.homeLoanMobLogin(day3.java:32)
at java.base/java.util.ArrayList.forEach(ArrayList.java:1511)
... Removed 31 stack frames]]>
    </failure>
  </testcase> <!-- homeLoanMobLogin -->
  <testcase classname="Test.day3" name="homeLoanwebLogin" time="0.002"/>
  <testcase classname="Test.day3" name="homeloansection" time="0.005"/>
  <testcase classname="Test.day3" name="homeLoan" time="0.0">
    <skipped/>
  </testcase> <!-- homeLoan -->
</testsuite> <!-- Home Loan -->
